[22:51:35] [ServerMain/INFO]: Environment: Environment[sessionHost=https://sessionserver.mojang.com, servicesHost=https://api.minecraftservices.com, profilesHost=https://api.mojang.com, name=PROD]
[22:51:36] [ServerMain/INFO]: No existing world data, creating new world
[22:51:37] [ServerMain/INFO]: Loaded 1461 recipes
[22:51:37] [ServerMain/INFO]: Loaded 1574 advancements
[22:51:37] [Server thread/INFO]: Starting minecraft server version 1.21.9
[22:51:37] [Server thread/INFO]: Loading properties
[22:51:37] [Server thread/INFO]: Default game type: SURVIVAL
[22:51:37] [Server thread/INFO]: Generating keypair
[22:51:37] [Server thread/INFO]: Starting Minecraft server on *:25565
[22:51:37] [Server thread/INFO]: Using default channel type
[22:51:37] [Server thread/WARN]: **** SERVER IS RUNNING IN OFFLINE/INSECURE MODE!
[22:51:37] [Server thread/WARN]: The server will make no attempt to authenticate usernames. Beware.
[22:51:37] [Server thread/WARN]: While this makes the game possible to play without internet access, it also opens up the ability for hackers to connect with any username they choose.
[22:51:37] [Server thread/WARN]: To change this, set "online-mode" to "true" in the server.properties file.
[22:51:37] [Server thread/INFO]: Preparing level "world"
[22:51:37] [Server thread/INFO]: Selecting global world spawn...
[22:51:39] [Server thread/INFO]: Loading 0 persistent chunks...
[22:51:39] [Server thread/INFO]: Preparing spawn area: 100%
[22:51:39] [Server thread/INFO]: Time elapsed: 1833 ms
[22:51:39] [Server thread/INFO]: Done (2.000s)! For help, type "help"
[22:52:39] [Server thread/INFO]: Server empty for 60 seconds, pausing
[22:52:41] [Server thread/INFO]: hnngnInsane[/26.153.240.95:55969] logged in with entity id 9 at (-9.5, 96.0, -4.5)
[22:52:41] [Server thread/INFO]: hnngnInsane joined the game
[22:53:07] [Server thread/INFO]: coldgod04[/127.0.0.1:59450] logged in with entity id 417 at (-9.5, 103.0, -7.5)
[22:53:07] [Server thread/INFO]: coldgod04 joined the game
[22:57:05] [Server thread/INFO]: coldgod04 has made the advancement [Stone Age]
[22:57:13] [Server thread/INFO]: hnngnInsane has made the advancement [Stone Age]
[22:57:26] [Server thread/INFO]: coldgod04 has made the advancement [Getting an Upgrade]
[22:57:27] [Server thread/INFO]: hnngnInsane has made the advancement [Getting an Upgrade]
[23:09:15] [Server thread/INFO]: hnngnInsane has made the advancement [Monster Hunter]
[23:10:56] [Server thread/INFO]: coldgod04 has made the advancement [Monster Hunter]
[23:11:42] [Server thread/INFO]: coldgod04 has made the advancement [Acquire Hardware]
[23:20:41] [Server thread/INFO]: hnngnInsane has made the advancement [Best Friends Forever]
[23:23:16] [Server thread/INFO]: hnngnInsane has made the advancement [Sweet Dreams]
[23:23:17] [Server thread/INFO]: coldgod04 has made the advancement [Sweet Dreams]
[23:26:25] [Server thread/INFO]: coldgod04 has made the advancement [Best Friends Forever]
[23:30:26] [Server thread/INFO]: coldgod04 has made the advancement [Isn't It Iron Pick]
[23:30:42] [Server thread/INFO]: hnngnInsane has made the advancement [Isn't It Iron Pick]
[23:33:43] [Server thread/INFO]: coldgod04 lost connection: Disconnected
[23:33:43] [Server thread/INFO]: coldgod04 left the game
[23:33:46] [Server thread/INFO]: hnngnInsane lost connection: Disconnected
[23:33:46] [Server thread/INFO]: hnngnInsane left the game
[23:34:43] [Server thread/INFO]: Stopping the server
[23:34:43] [Server thread/INFO]: Stopping server
[23:34:43] [Server thread/INFO]: Saving players
[23:34:43] [Server thread/INFO]: Saving worlds
[23:34:43] [Server thread/INFO]: Saving chunks for level 'ServerLevel[world]'/minecraft:overworld
[23:34:44] [Server thread/INFO]: Saving chunks for level 'ServerLevel[world]'/minecraft:the_end
[23:34:44] [Server thread/INFO]: Saving chunks for level 'ServerLevel[world]'/minecraft:the_nether
[23:34:44] [Server thread/INFO]: ThreadedAnvilChunkStorage (world): All chunks are saved
[23:34:44] [Server thread/INFO]: ThreadedAnvilChunkStorage (DIM1): All chunks are saved
[23:34:44] [Server thread/INFO]: ThreadedAnvilChunkStorage (DIM-1): All chunks are saved
[23:34:44] [Server thread/INFO]: ThreadedAnvilChunkStorage: All dimensions are saved
